<?xml version="1.0" encoding="UTF-8"?>
<testsuite name="com.aor.numbers.ListSorterTest" tests="2" skipped="0" failures="0" errors="0" timestamp="2021-11-27T17:57:46" hostname="daniela-VirtualBox" time="0.011">
  <properties/>
  <testcase name="sort()" classname="com.aor.numbers.ListSorterTest" time="0.002"/>
  <testcase name="sort1()" classname="com.aor.numbers.ListSorterTest" time="0.004"/>
  <system-out><![CDATA[]]></system-out>
  <system-err><![CDATA[]]></system-err>
</testsuite>
