<?xml version="1.0" encoding="UTF-8"?>
<testsuite name="StringTransformerGroupTest" tests="2" skipped="0" failures="0" errors="0" timestamp="2021-12-07T10:15:52" hostname="daniela-VirtualBox" time="0.006">
  <properties/>
  <testcase name="transformerGroup()" classname="StringTransformerGroupTest" time="0.005"/>
  <testcase name="transformerComposite()" classname="StringTransformerGroupTest" time="0.0"/>
  <system-out><![CDATA[]]></system-out>
  <system-err><![CDATA[]]></system-err>
</testsuite>
