<?xml version="1.0" encoding="UTF-8"?>
<testsuite name="StringBarTest" tests="1" skipped="0" failures="0" errors="0" timestamp="2021-12-07T10:15:52" hostname="daniela-VirtualBox" time="0.003">
  <properties/>
  <testcase name="happyHour()" classname="StringBarTest" time="0.003"/>
  <system-out><![CDATA[]]></system-out>
  <system-err><![CDATA[]]></system-err>
</testsuite>
