<?xml version="1.0" encoding="UTF-8"?>
<testsuite name="StringDrinkTest" tests="1" skipped="0" failures="0" errors="0" timestamp="2021-12-07T10:15:53" hostname="daniela-VirtualBox" time="0.0">
  <properties/>
  <testcase name="stringDrink()" classname="StringDrinkTest" time="0.0"/>
  <system-out><![CDATA[]]></system-out>
  <system-err><![CDATA[]]></system-err>
</testsuite>
