<?xml version="1.0" encoding="UTF-8"?>
<testsuite name="StringRecipeTest" tests="2" skipped="0" failures="0" errors="0" timestamp="2021-12-07T10:15:52" hostname="daniela-VirtualBox" time="0.001">
  <properties/>
  <testcase name="transformUndo()" classname="StringRecipeTest" time="0.0"/>
  <testcase name="stringRecipe()" classname="StringRecipeTest" time="0.0"/>
  <system-out><![CDATA[]]></system-out>
  <system-err><![CDATA[]]></system-err>
</testsuite>
