<?xml version="1.0" encoding="UTF-8"?>
<testsuite name="ObserversTest" tests="2" skipped="0" failures="0" errors="0" timestamp="2021-12-07T10:15:53" hostname="daniela-VirtualBox" time="1.304">
  <properties/>
  <testcase name="removeObserver()" classname="ObserversTest" time="1.264"/>
  <testcase name="addObserver()" classname="ObserversTest" time="0.01"/>
  <system-out><![CDATA[]]></system-out>
  <system-err><![CDATA[]]></system-err>
</testsuite>
